0 info it worked if it ends with ok
1 verbose cli [ '/Users/rettig/.nvm/versions/node/v5.0.0/bin/node',
1 verbose cli   '/Users/rettig/.nvm/versions/node/v5.0.0/bin/npm',
1 verbose cli   'start' ]
2 info using npm@3.3.6
3 info using node@v5.0.0
4 verbose run-script [ 'prestart', 'start', 'poststart' ]
5 info lifecycle example@0.0.3~prestart: example@0.0.3
6 silly lifecycle example@0.0.3~prestart: no script for prestart, continuing
7 info lifecycle example@0.0.3~start: example@0.0.3
8 verbose lifecycle example@0.0.3~start: unsafe-perm in lifecycle true
9 verbose lifecycle example@0.0.3~start: PATH: /Users/rettig/.nvm/versions/node/v5.0.0/lib/node_modules/npm/bin/node-gyp-bin:/Users/rettig/wip/react-native-stripe/example/node_modules/.bin:/Users/rettig/.nvm/versions/node/v5.0.0/bin:/Users/rettig/Library/Android/sdk/tools:/Users/rettig/Library/Android/sdk/platform-tools:/Users/rettig/wip/google-cloud-sdk/bin:/usr/local/bin:/usr/bin:/bin:/usr/sbin:/sbin:/opt/X11/bin
10 verbose lifecycle example@0.0.3~start: CWD: /Users/rettig/wip/react-native-stripe/example
11 silly lifecycle example@0.0.3~start: Args: [ '-c',
11 silly lifecycle   'node_modules/react-native/packager/packager.sh --assetRoots=./iOS/Images.xcassets' ]
12 info lifecycle example@0.0.3~start: Failed to exec start script
13 verbose stack Error: example@0.0.3 start: `node_modules/react-native/packager/packager.sh --assetRoots=./iOS/Images.xcassets`
13 verbose stack spawn ENOENT
13 verbose stack     at ChildProcess.<anonymous> (/Users/rettig/.nvm/versions/node/v5.0.0/lib/node_modules/npm/lib/utils/spawn.js:17:16)
13 verbose stack     at emitTwo (events.js:87:13)
13 verbose stack     at ChildProcess.emit (events.js:172:7)
13 verbose stack     at maybeClose (internal/child_process.js:818:16)
13 verbose stack     at Process.ChildProcess._handle.onexit (internal/child_process.js:211:5)
14 verbose pkgid example@0.0.3
15 verbose cwd /Users/rettig/wip/react-native-stripe/example
16 error Darwin 15.2.0
17 error argv "/Users/rettig/.nvm/versions/node/v5.0.0/bin/node" "/Users/rettig/.nvm/versions/node/v5.0.0/bin/npm" "start"
18 error node v5.0.0
19 error npm  v3.3.6
20 error file sh
21 error code ELIFECYCLE
22 error errno ENOENT
23 error syscall spawn
24 error example@0.0.3 start: `node_modules/react-native/packager/packager.sh --assetRoots=./iOS/Images.xcassets`
24 error spawn ENOENT
25 error Failed at the example@0.0.3 start script 'node_modules/react-native/packager/packager.sh --assetRoots=./iOS/Images.xcassets'.
25 error This is most likely a problem with the example package,
25 error not with npm itself.
25 error Tell the author that this fails on your system:
25 error     node_modules/react-native/packager/packager.sh --assetRoots=./iOS/Images.xcassets
25 error You can get their info via:
25 error     npm owner ls example
25 error There is likely additional logging output above.
26 verbose exit [ 1, true ]
